C:\Users\guydani\AppData\Local\Continuum\Anaconda3\python.exe C:/Users/guydani/Desktop/ad/AttacksDetectionChallenge/main.py
Using Theano backend.
Can not use cuDNN on context None: cannot compile with cuDNN. We got this error:
b'C:\\Users\\guydani\\AppData\\Local\\Temp\\try_flags_9b6pb8nx.c:4:19: fatal error: cudnn.h: No such file or directory\r\ncompilation terminated.\r\n'
Mapped name None to device cuda: Quadro K1100M (0000:01:00.0)
--------------------------------------------------- clones = 8 ---------------------------------------------------
epochs = 3
initializing dc...
generating anns... (10)
input size: 6584; ratio: 0.002
done.
training anns... (10)
--------------------------------------------------- 1/10
--------------------------------------------------- 2/10
--------------------------------------------------- 3/10
--------------------------------------------------- 4/10
--------------------------------------------------- 5/10
--------------------------------------------------- 6/10
--------------------------------------------------- 7/10
--------------------------------------------------- 8/10
--------------------------------------------------- 9/10
--------------------------------------------------- 10/10
done.
for (i = 0.001; i < 0.501; i += 0.001) evaluate(i)
Traceback (most recent call last):
  File "C:/Users/guydani/Desktop/ad/AttacksDetectionChallenge/main.py", line 254, in <module>
    main()
  File "C:/Users/guydani/Desktop/ad/AttacksDetectionChallenge/main.py", line 175, in main
    predict_unknowns(anns, dc, training_set, opt_ep, opt_n)
  File "C:/Users/guydani/Desktop/ad/AttacksDetectionChallenge/main.py", line 188, in predict_unknowns
    predictions = obtain_actual_predictions(anns[i].predict(np.array(xs)), epsilon=epsilon, n=n)
IndexError: list index out of range
136.0,142.0,144.6,148.2,149.1,152.6,154.4,155.2,155.9,155.7,156.1,155.9,158.4,158.4,158.1,158.0,159.6,160.5,160.4,160.2,160.2,161.0,160.8,160.6,160.5,161.3,161.2,161.1,161.1,161.1,160.9,160.8,160.8,160.8,160.7,160.7,160.7,160.7,160.7,160.7,160.3,161.2,161.2,161.1,161.0,160.8,160.7,161.5,161.4,161.4,164.9,164.9,164.9,164.9,164.5,164.5,164.5,164.3,164.3,164.0,164.0,164.8,164.7,164.6,164.5,164.5,164.5,165.4,165.4,166.2,166.1,166.1,166.0,166.0,166.0,166.0,166.0,166.0,166.0,165.7,165.6,165.5,165.4,165.4,165.3,165.3,165.3,165.1,165.1,165.1,165.0,165.0,164.8,164.8,164.8,164.8,165.5,165.5,165.5,165.5,165.5,165.5,165.5,165.4,165.3,165.3,165.3,164.9,164.9,164.7,164.5,164.5,164.5,164.3,164.3,164.2,164.2,164.0,164.0,164.0,164.0,163.9,163.8,163.8,163.8,163.7,163.7,163.7,163.6,163.6,163.5,163.5,163.5,163.4,163.3,163.2,163.2,161.0,161.0,161.0,161.0,161.0,160.9,160.9,160.7,160.7,160.6,160.6,160.4,160.4,159.5,159.5,159.5,159.5,159.5,159.5,159.5,159.4,157.8,157.8,157.7,157.7,157.6,157.6,157.6,157.6,157.6,157.6,157.4,157.4,157.4,157.4,157.3,157.2,157.1,157.1,157.1,157.1,157.0,157.0,157.0,157.0,156.9,156.9,156.9,156.9,156.9,156.9,156.8,156.8,156.8,156.8,156.8,156.7,156.7,156.7,156.7,156.7,156.7,156.6,156.6,156.6,156.6,156.6,156.6,156.6,156.4,156.3,156.3,156.1,156.1,156.1,156.1,155.9,155.9,155.9,155.9,155.7,155.7,155.7,155.6,155.6,155.5,155.3,155.3,155.2,155.0,155.0,155.0,155.0,155.0,155.0,155.0,155.0,154.9,154.7,154.6,154.6,154.6,154.6,154.6,154.6,154.6,154.6,154.6,154.6,154.5,154.5,154.5,154.5,154.5,154.5,154.5,154.4,154.3,154.2,154.2,153.8,153.8,153.8,153.8,153.8,153.8,154.7,154.7,154.7,154.7,154.7,154.7,154.6,154.6,154.6,154.6,154.5,154.5,154.5,154.5,154.4,154.4,154.4,154.4,154.4,154.4,154.4,154.3,154.3,154.2,154.1,153.9,153.9,153.9,153.9,153.9,153.9,153.9,153.9,153.9,153.8,153.8,153.7,153.6,153.6,153.6,153.6,153.5,153.5,153.5,153.5,153.5,153.3,153.3,153.3,153.3,153.2,153.2,153.2,153.2,153.2,153.2,153.2,153.2,153.2,153.2,153.1,153.1,153.1,153.1,153.1,153.0,153.0,153.0,153.0,153.0,152.9,152.9,152.9,152.9,152.9,152.9,152.8,152.7,152.7,152.6,152.6,152.5,152.5,152.5,152.5,152.4,152.4,152.4,152.4,152.3,152.3,152.3,152.2,152.2,152.2,152.1,152.1,152.1,152.1,152.1,152.1,152.1,152.1,152.1,152.1,152.0,152.0,152.0,152.0,152.0,152.0,152.0,152.0,152.0,152.0,151.9,151.9,151.8,151.8,151.7,151.7,151.7,151.6,151.5,151.5,151.5,151.4,151.4,151.4,151.4,151.3,151.2,151.2,151.2,151.2,151.1,151.1,151.1,151.1,151.0,151.0,151.0,151.0,151.0,151.0,150.9,150.9,150.9,150.9,150.7,150.7,150.7,150.7,150.7,150.5,150.5,150.5,150.5,150.5,150.5,150.5,150.5,150.5,150.5,150.4,150.4,150.4,150.4,150.4,150.4,150.4,150.4,150.4,150.4,150.3,150.3,150.3,150.3,150.3,150.3,150.3,150.3,150.3,150.3,150.3,150.3,150.3,150.3,150.3,150.3,150.3,150.3,150.3,150.2,150.0,150.0,149.9,149.9,149.9,149.8,149.8,149.8,149.8,149.8,149.8,149.8,149.8,149.8,149.8,149.8,149.8,149.8,149.8,149.8,149.8,149.7,149.7,149.7,149.7,149.7,149.7,149.7,149.7,149.7,149.7,149.6,149.6,149.6,149.6,149.6,149.6,149.6,149.6,149.6,149.6,149.5,149.4
predicting with ep=0.07000000000000005, n=50 (opt, score=166.2):

Process finished with exit code 1
